<?xml version="1.0" encoding="UTF-8"?>
<!-- Generated by org.testng.reporters.JUnitReportReporter -->
<testsuite hostname="DESKTOP-UEMQB2N" failures="0" tests="1" name="com.sgtesting.Selenium.A" time="0.013" errors="0" timestamp="2021-09-16T12:27:42 GMT-12:00" skipped="0">
  <testcase classname="com.sgtesting.Selenium.A" name="zaunchBrowser" time="0.013"/>
  <system-out/>
</testsuite> <!-- com.sgtesting.Selenium.A -->
