<?xml version="1.0" encoding="UTF-8"?>
<!-- Generated by org.testng.reporters.JUnitReportReporter -->
<testsuite hostname="DESKTOP-UEMQB2N" failures="0" tests="6" name="com.STesting.Selenium.DataProvider.DataProviderDemo" time="35.498" errors="0" timestamp="2021-09-16T12:41:24 GMT-12:00" skipped="0">
  <testcase classname="com.STesting.Selenium.DataProvider.DataProviderDemo" name="launchBrowser" time="22.539"/>
  <system-out/>
  <testcase classname="com.STesting.Selenium.DataProvider.DataProviderDemo" name="navigate" time="12.309"/>
  <system-out/>
  <testcase classname="com.STesting.Selenium.DataProvider.DataProviderDemo" name="login" time="0.051"/>
  <system-out/>
  <testcase classname="com.STesting.Selenium.DataProvider.DataProviderDemo" name="login" time="0.286"/>
  <system-out/>
  <testcase classname="com.STesting.Selenium.DataProvider.DataProviderDemo" name="login" time="0.035"/>
  <system-out/>
  <testcase classname="com.STesting.Selenium.DataProvider.DataProviderDemo" name="closeApplication" time="0.278"/>
  <system-out/>
</testsuite> <!-- com.STesting.Selenium.DataProvider.DataProviderDemo -->
